<?xml version="1.0" encoding="utf-8"?>
<coverage line-rate="0.9473" branch-rate="0.8378" version="1.9" timestamp="1777144523" lines-covered="468" lines-valid="494" branches-covered="62" branches-valid="74">
  <sources>
    <source>C:\repos\Cpu6502\src\Cpu6502.Core\</source>
  </sources>
  <packages>
    <package name="Cpu6502.Core" line-rate="0.9473" branch-rate="0.8378" complexity="278">
      <classes>
        <class name="Cpu6502.Core.AddressDecoder" filename="AddressDecoder.cs" line-rate="1" branch-rate="1" complexity="12">
          <methods>
            <method name="Map" signature="(System.UInt16,System.UInt16,Cpu6502.Core.IBus)" line-rate="1" branch-rate="1" complexity="1">
              <lines>
                <line number="16" hits="6" branch="False" />
              </lines>
            </method>
            <method name="Read" signature="(System.UInt16)" line-rate="1" branch-rate="1" complexity="2">
              <lines>
                <line number="19" hits="5" branch="False" />
                <line number="20" hits="5" branch="False" />
                <line number="21" hits="5" branch="True" condition-coverage="100% (2/2)">
                  <conditions>
                    <condition number="22" type="jump" coverage="100%" />
                  </conditions>
                </line>
                <line number="22" hits="5" branch="False" />
              </lines>
            </method>
            <method name="Write" signature="(System.UInt16,System.Byte)" line-rate="1" branch-rate="1" complexity="2">
              <lines>
                <line number="25" hits="2" branch="False" />
                <line number="26" hits="2" branch="False" />
                <line number="27" hits="2" branch="True" condition-coverage="100% (2/2)">
                  <conditions>
                    <condition number="22" type="jump" coverage="100%" />
                  </conditions>
                </line>
                <line number="28" hits="2" branch="False" />
              </lines>
            </method>
            <method name="ResolveWithBase" signature="(System.UInt16)" line-rate="1" branch-rate="1" complexity="6">
              <lines>
                <line number="32" hits="7" branch="False" />
                <line number="33" hits="16" branch="True" condition-coverage="100% (2/2)">
                  <conditions>
                    <condition number="99" type="jump" coverage="100%" />
                  </conditions>
                </line>
                <line number="34" hits="6" branch="False" />
                <line number="35" hits="6" branch="False" />
                <line number="36" hits="6" branch="True" condition-coverage="100% (4/4)">
                  <conditions>
                    <condition number="39" type="jump" coverage="100%" />
                    <condition number="59" type="jump" coverage="100%" />
                  </conditions>
                </line>
                <line number="37" hits="5" branch="False" />
                <line number="38" hits="1" branch="False" />
                <line number="39" hits="2" branch="False" />
                <line number="40" hits="7" branch="False" />
              </lines>
            </method>
            <method name=".ctor" signature="()" line-rate="1" branch-rate="1" complexity="1">
              <lines>
                <line number="12" hits="6" branch="False" />
              </lines>
            </method>
          </methods>
          <lines>
            <line number="16" hits="6" branch="False" />
            <line number="19" hits="5" branch="False" />
            <line number="20" hits="5" branch="False" />
            <line number="21" hits="5" branch="True" condition-coverage="100% (2/2)">
              <conditions>
                <condition number="22" type="jump" coverage="100%" />
              </conditions>
            </line>
            <line number="22" hits="5" branch="False" />
            <line number="25" hits="2" branch="False" />
            <line number="26" hits="2" branch="False" />
            <line number="27" hits="2" branch="True" condition-coverage="100% (2/2)">
              <conditions>
                <condition number="22" type="jump" coverage="100%" />
              </conditions>
            </line>
            <line number="28" hits="2" branch="False" />
            <line number="32" hits="7" branch="False" />
            <line number="33" hits="16" branch="True" condition-coverage="100% (2/2)">
              <conditions>
                <condition number="99" type="jump" coverage="100%" />
              </conditions>
            </line>
            <line number="34" hits="6" branch="False" />
            <line number="35" hits="6" branch="False" />
            <line number="36" hits="6" branch="True" condition-coverage="100% (4/4)">
              <conditions>
                <condition number="39" type="jump" coverage="100%" />
                <condition number="59" type="jump" coverage="100%" />
              </conditions>
            </line>
            <line number="37" hits="5" branch="False" />
            <line number="38" hits="1" branch="False" />
            <line number="39" hits="2" branch="False" />
            <line number="40" hits="7" branch="False" />
            <line number="12" hits="6" branch="False" />
          </lines>
        </class>
        <class name="Cpu6502.Core.AddressDecoder/Mapping" filename="AddressDecoder.cs" line-rate="1" branch-rate="1" complexity="1">
          <methods>
            <method name="get_From" signature="()" line-rate="1" branch-rate="1" complexity="1">
              <lines>
                <line number="10" hits="21" branch="False" />
              </lines>
            </method>
          </methods>
          <lines>
            <line number="10" hits="21" branch="False" />
          </lines>
        </class>
        <class name="Cpu6502.Core.Cpu" filename="Cpu.AddressingModes.cs" line-rate="1" branch-rate="0.75" complexity="18">
          <methods>
            <method name="AddrImmediate" signature="()" line-rate="1" branch-rate="1" complexity="1">
              <lines>
                <line number="9" hits="224" branch="False" />
                <line number="10" hits="224" branch="False" />
                <line number="11" hits="224" branch="False" />
              </lines>
            </method>
            <method name="AddrZeroPage" signature="()" line-rate="1" branch-rate="1" complexity="1">
              <lines>
                <line number="14" hits="20" branch="False" />
                <line number="15" hits="20" branch="False" />
                <line number="16" hits="20" branch="False" />
              </lines>
            </method>
            <method name="AddrZeroPageX" signature="()" line-rate="1" branch-rate="1" complexity="1">
              <lines>
                <line number="19" hits="15" branch="False" />
                <line number="20" hits="15" branch="False" />
                <line number="21" hits="15" branch="False" />
              </lines>
            </method>
            <method name="AddrZeroPageY" signature="()" line-rate="1" branch-rate="1" complexity="1">
              <lines>
                <line number="24" hits="3" branch="False" />
                <line number="25" hits="3" branch="False" />
                <line number="26" hits="3" branch="False" />
              </lines>
            </method>
            <method name="AddrAbsolute" signature="()" line-rate="1" branch-rate="1" complexity="1">
              <lines>
                <line number="29" hits="49" branch="False" />
                <line number="30" hits="49" branch="False" />
                <line number="31" hits="49" branch="False" />
                <line number="32" hits="49" branch="False" />
                <line number="33" hits="49" branch="False" />
              </lines>
            </method>
            <method name="AddrAbsoluteX" signature="(System.Boolean)" line-rate="1" branch-rate="0.75" complexity="4">
              <lines>
                <line number="37" hits="17" branch="False" />
                <line number="38" hits="17" branch="False" />
                <line number="39" hits="17" branch="False" />
                <line number="40" hits="19" branch="True" condition-coverage="75% (3/4)">
                  <conditions>
                    <condition number="19" type="jump" coverage="50%" />
                    <condition number="33" type="jump" coverage="100%" />
                  </conditions>
                </line>
                <line number="41" hits="17" branch="False" />
                <line number="42" hits="17" branch="False" />
              </lines>
            </method>
            <method name="AddrAbsoluteY" signature="(System.Boolean)" line-rate="1" branch-rate="0.75" complexity="4">
              <lines>
                <line number="46" hits="10" branch="False" />
                <line number="47" hits="10" branch="False" />
                <line number="48" hits="10" branch="False" />
                <line number="49" hits="11" branch="True" condition-coverage="75% (3/4)">
                  <conditions>
                    <condition number="19" type="jump" coverage="50%" />
                    <condition number="33" type="jump" coverage="100%" />
                  </conditions>
                </line>
                <line number="50" hits="10" branch="False" />
                <line number="51" hits="10" branch="False" />
              </lines>
            </method>
            <method name="AddrIndexedIndirect" signature="()" line-rate="1" branch-rate="1" complexity="1">
              <lines>
                <line number="55" hits="9" branch="False" />
                <line number="56" hits="9" branch="False" />
                <line number="57" hits="9" branch="False" />
                <line number="58" hits="9" branch="False" />
              </lines>
            </method>
            <method name="AddrIndirectIndexed" signature="(System.Boolean)" line-rate="1" branch-rate="0.75" complexity="4">
              <lines>
                <line number="62" hits="9" branch="False" />
                <line number="63" hits="9" branch="False" />
                <line number="64" hits="9" branch="False" />
                <line number="65" hits="9" branch="False" />
                <line number="66" hits="10" branch="True" condition-coverage="75% (3/4)">
                  <conditions>
                    <condition number="27" type="jump" coverage="50%" />
                    <condition number="41" type="jump" coverage="100%" />
                  </conditions>
                </line>
                <line number="67" hits="9" branch="False" />
                <line number="68" hits="9" branch="False" />
              </lines>
            </method>
          </methods>
          <lines>
            <line number="9" hits="224" branch="False" />
            <line number="10" hits="224" branch="False" />
            <line number="11" hits="224" branch="False" />
            <line number="14" hits="20" branch="False" />
            <line number="15" hits="20" branch="False" />
            <line number="16" hits="20" branch="False" />
            <line number="19" hits="15" branch="False" />
            <line number="20" hits="15" branch="False" />
            <line number="21" hits="15" branch="False" />
            <line number="24" hits="3" branch="False" />
            <line number="25" hits="3" branch="False" />
            <line number="26" hits="3" branch="False" />
            <line number="29" hits="49" branch="False" />
            <line number="30" hits="49" branch="False" />
            <line number="31" hits="49" branch="False" />
            <line number="32" hits="49" branch="False" />
            <line number="33" hits="49" branch="False" />
            <line number="37" hits="17" branch="False" />
            <line number="38" hits="17" branch="False" />
            <line number="39" hits="17" branch="False" />
            <line number="40" hits="19" branch="True" condition-coverage="75% (3/4)">
              <conditions>
                <condition number="19" type="jump" coverage="50%" />
                <condition number="33" type="jump" coverage="100%" />
              </conditions>
            </line>
            <line number="41" hits="17" branch="False" />
            <line number="42" hits="17" branch="False" />
            <line number="46" hits="10" branch="False" />
            <line number="47" hits="10" branch="False" />
            <line number="48" hits="10" branch="False" />
            <line number="49" hits="11" branch="True" condition-coverage="75% (3/4)">
              <conditions>
                <condition number="19" type="jump" coverage="50%" />
                <condition number="33" type="jump" coverage="100%" />
              </conditions>
            </line>
            <line number="50" hits="10" branch="False" />
            <line number="51" hits="10" branch="False" />
            <line number="55" hits="9" branch="False" />
            <line number="56" hits="9" branch="False" />
            <line number="57" hits="9" branch="False" />
            <line number="58" hits="9" branch="False" />
            <line number="62" hits="9" branch="False" />
            <line number="63" hits="9" branch="False" />
            <line number="64" hits="9" branch="False" />
            <line number="65" hits="9" branch="False" />
            <line number="66" hits="10" branch="True" condition-coverage="75% (3/4)">
              <conditions>
                <condition number="27" type="jump" coverage="50%" />
                <condition number="41" type="jump" coverage="100%" />
              </conditions>
            </line>
            <line number="67" hits="9" branch="False" />
            <line number="68" hits="9" branch="False" />
          </lines>
        </class>
        <class name="Cpu6502.Core.Cpu" filename="Cpu.Arithmetic.cs" line-rate="0.9436" branch-rate="0.7272" complexity="51">
          <methods>
            <method name="ADC_Imm" signature="()" line-rate="1" branch-rate="1" complexity="1">
              <lines>
                <line number="6" hits="36" branch="False" />
              </lines>
            </method>
            <method name="ADC_Zp" signature="()" line-rate="0" branch-rate="1" complexity="1">
              <lines>
                <line number="7" hits="0" branch="False" />
              </lines>
            </method>
            <method name="ADC_ZpX" signature="()" line-rate="1" branch-rate="1" complexity="1">
              <lines>
                <line number="8" hits="4" branch="False" />
              </lines>
            </method>
            <method name="ADC_Abs" signature="()" line-rate="0" branch-rate="1" complexity="1">
              <lines>
                <line number="9" hits="0" branch="False" />
              </lines>
            </method>
            <method name="ADC_AbsX" signature="()" line-rate="1" branch-rate="1" complexity="1">
              <lines>
                <line number="10" hits="4" branch="False" />
              </lines>
            </method>
            <method name="ADC_AbsY" signature="()" line-rate="1" branch-rate="1" complexity="1">
              <lines>
                <line number="11" hits="4" branch="False" />
              </lines>
            </method>
            <method name="ADC_IndX" signature="()" line-rate="1" branch-rate="1" complexity="1">
              <lines>
                <line number="12" hits="4" branch="False" />
              </lines>
            </method>
            <method name="ADC_IndY" signature="()" line-rate="1" branch-rate="1" complexity="1">
              <lines>
                <line number="13" hits="4" branch="False" />
              </lines>
            </method>
            <method name="DoADC" signature="(System.Byte)" line-rate="1" branch-rate="0.75" complexity="12">
              <lines>
                <line number="16" hits="22" branch="False" />
                <line number="17" hits="22" branch="True" condition-coverage="100% (2/2)">
                  <conditions>
                    <condition number="9" type="jump" coverage="100%" />
                  </conditions>
                </line>
                <line number="18" hits="1" branch="False" />
                <line number="20" hits="1" branch="True" condition-coverage="50% (1/2)">
                  <conditions>
                    <condition number="35" type="jump" coverage="50%" />
                  </conditions>
                </line>
                <line number="21" hits="2" branch="True" condition-coverage="100% (2/2)">
                  <conditions>
                    <condition number="52" type="jump" coverage="100%" />
                  </conditions>
                </line>
                <line number="22" hits="1" branch="True" condition-coverage="50% (1/2)">
                  <conditions>
                    <condition number="73" type="jump" coverage="50%" />
                  </conditions>
                </line>
                <line number="23" hits="1" branch="True" condition-coverage="50% (1/2)">
                  <conditions>
                    <condition number="90" type="jump" coverage="50%" />
                  </conditions>
                </line>
                <line number="24" hits="1" branch="False" />
                <line number="25" hits="1" branch="False" />
                <line number="26" hits="1" branch="False" />
                <line number="27" hits="1" branch="False" />
                <line number="28" hits="1" branch="False" />
                <line number="30" hits="1" branch="False" />
                <line number="32" hits="21" branch="False" />
                <line number="33" hits="21" branch="True" condition-coverage="100% (2/2)">
                  <conditions>
                    <condition number="188" type="jump" coverage="100%" />
                  </conditions>
                </line>
                <line number="34" hits="21" branch="False" />
                <line number="35" hits="21" branch="False" />
                <line number="36" hits="21" branch="False" />
                <line number="37" hits="21" branch="False" />
                <line number="38" hits="21" branch="False" />
                <line number="39" hits="22" branch="False" />
              </lines>
            </method>
            <method name="SBC_Imm" signature="()" line-rate="1" branch-rate="1" complexity="1">
              <lines>
                <line number="42" hits="16" branch="False" />
              </lines>
            </method>
            <method name="SBC_Zp" signature="()" line-rate="0" branch-rate="1" complexity="1">
              <lines>
                <line number="43" hits="0" branch="False" />
              </lines>
            </method>
            <method name="SBC_ZpX" signature="()" line-rate="1" branch-rate="1" complexity="1">
              <lines>
                <line number="44" hits="4" branch="False" />
              </lines>
            </method>
            <method name="SBC_Abs" signature="()" line-rate="0" branch-rate="1" complexity="1">
              <lines>
                <line number="45" hits="0" branch="False" />
              </lines>
            </method>
            <method name="SBC_AbsX" signature="()" line-rate="1" branch-rate="1" complexity="1">
              <lines>
                <line number="46" hits="4" branch="False" />
              </lines>
            </method>
            <method name="SBC_AbsY" signature="()" line-rate="1" branch-rate="1" complexity="1">
              <lines>
                <line number="47" hits="4" branch="False" />
              </lines>
            </method>
            <method name="SBC_IndX" signature="()" line-rate="1" branch-rate="1" complexity="1">
              <lines>
                <line number="48" hits="4" branch="False" />
              </lines>
            </method>
            <method name="SBC_IndY" signature="()" line-rate="1" branch-rate="1" complexity="1">
              <lines>
                <line number="49" hits="4" branch="False" />
              </lines>
            </method>
            <method name="DoSBC" signature="(System.Byte)" line-rate="1" branch-rate="0.7" complexity="10">
              <lines>
                <line number="52" hits="9" branch="False" />
                <line number="53" hits="9" branch="True" condition-coverage="100% (2/2)">
                  <conditions>
                    <condition number="9" type="jump" coverage="100%" />
                  </conditions>
                </line>
                <line number="54" hits="1" branch="False" />
                <line number="56" hits="1" branch="True" condition-coverage="50% (1/2)">
                  <conditions>
                    <condition number="35" type="jump" coverage="50%" />
                  </conditions>
                </line>
                <line number="57" hits="2" branch="True" condition-coverage="100% (2/2)">
                  <conditions>
                    <condition number="51" type="jump" coverage="100%" />
                  </conditions>
                </line>
                <line number="58" hits="1" branch="True" condition-coverage="50% (1/2)">
                  <conditions>
                    <condition number="71" type="jump" coverage="50%" />
                  </conditions>
                </line>
                <line number="59" hits="1" branch="True" condition-coverage="50% (1/2)">
                  <conditions>
                    <condition number="87" type="jump" coverage="50%" />
                  </conditions>
                </line>
                <line number="60" hits="1" branch="False" />
                <line number="61" hits="1" branch="False" />
                <line number="62" hits="1" branch="False" />
                <line number="63" hits="1" branch="False" />
                <line number="64" hits="1" branch="False" />
                <line number="65" hits="1" branch="False" />
                <line number="67" hits="8" branch="False" />
                <line number="69" hits="8" branch="False" />
                <line number="70" hits="8" branch="False" />
                <line number="71" hits="9" branch="False" />
              </lines>
            </method>
            <method name="INC_Zp" signature="()" line-rate="1" branch-rate="1" complexity="1">
              <lines>
                <line number="74" hits="18" branch="False" />
              </lines>
            </method>
            <method name="INC_ZpX" signature="()" line-rate="1" branch-rate="1" complexity="1">
              <lines>
                <line number="75" hits="6" branch="False" />
              </lines>
            </method>
            <method name="INC_Abs" signature="()" line-rate="1" branch-rate="1" complexity="1">
              <lines>
                <line number="76" hits="6" branch="False" />
              </lines>
            </method>
            <method name="INC_AbsX" signature="()" line-rate="1" branch-rate="1" complexity="1">
              <lines>
                <line number="77" hits="6" branch="False" />
              </lines>
            </method>
            <method name="DEC_Zp" signature="()" line-rate="1" branch-rate="1" complexity="1">
              <lines>
                <line number="79" hits="12" branch="False" />
              </lines>
            </method>
            <method name="DEC_ZpX" signature="()" line-rate="1" branch-rate="1" complexity="1">
              <lines>
                <line number="80" hits="6" branch="False" />
              </lines>
            </method>
            <method name="DEC_Abs" signature="()" line-rate="1" branch-rate="1" complexity="1">
              <lines>
                <line number="81" hits="6" branch="False" />
              </lines>
            </method>
            <method name="DEC_AbsX" signature="()" line-rate="1" branch-rate="1" complexity="1">
              <lines>
                <line number="82" hits="6" branch="False" />
              </lines>
            </method>
            <method name="RMW" signature="(System.UInt16,System.Func`2&lt;System.Byte,System.Byte&gt;)" line-rate="1" branch-rate="1" complexity="1">
              <lines>
                <line number="85" hits="11" branch="False" />
                <line number="86" hits="11" branch="False" />
                <line number="87" hits="11" branch="False" />
                <line number="88" hits="11" branch="False" />
                <line number="89" hits="11" branch="False" />
              </lines>
            </method>
            <method name="INX" signature="()" line-rate="1" branch-rate="1" complexity="1">
              <lines>
                <line number="92" hits="15" branch="False" />
              </lines>
            </method>
            <method name="INY" signature="()" line-rate="1" branch-rate="1" complexity="1">
              <lines>
                <line number="93" hits="5" branch="False" />
              </lines>
            </method>
            <method name="DEX" signature="()" line-rate="1" branch-rate="1" complexity="1">
              <lines>
                <line number="94" hits="5" branch="False" />
              </lines>
            </method>
            <method name="DEY" signature="()" line-rate="1" branch-rate="1" complexity="1">
              <lines>
                <line number="95" hits="5" branch="False" />
              </lines>
            </method>
          </methods>
          <lines>
            <line number="6" hits="36" branch="False" />
            <line number="7" hits="0" branch="False" />
            <line number="8" hits="4" branch="False" />
            <line number="9" hits="0" branch="False" />
            <line number="10" hits="4" branch="False" />
            <line number="11" hits="4" branch="False" />
            <line number="12" hits="4" branch="False" />
            <line number="13" hits="4" branch="False" />
            <line number="16" hits="22" branch="False" />
            <line number="17" hits="22" branch="True" condition-coverage="100% (2/2)">
              <conditions>
                <condition number="9" type="jump" coverage="100%" />
              </conditions>
            </line>
            <line number="18" hits="1" branch="False" />
            <line number="20" hits="1" branch="True" condition-coverage="50% (1/2)">
              <conditions>
                <condition number="35" type="jump" coverage="50%" />
              </conditions>
            </line>
            <line number="21" hits="2" branch="True" condition-coverage="100% (2/2)">
              <conditions>
                <condition number="52" type="jump" coverage="100%" />
              </conditions>
            </line>
            <line number="22" hits="1" branch="True" condition-coverage="50% (1/2)">
              <conditions>
                <condition number="73" type="jump" coverage="50%" />
              </conditions>
            </line>
            <line number="23" hits="1" branch="True" condition-coverage="50% (1/2)">
              <conditions>
                <condition number="90" type="jump" coverage="50%" />
              </conditions>
            </line>
            <line number="24" hits="1" branch="False" />
            <line number="25" hits="1" branch="False" />
            <line number="26" hits="1" branch="False" />
            <line number="27" hits="1" branch="False" />
            <line number="28" hits="1" branch="False" />
            <line number="30" hits="1" branch="False" />
            <line number="32" hits="21" branch="False" />
            <line number="33" hits="21" branch="True" condition-coverage="100% (2/2)">
              <conditions>
                <condition number="188" type="jump" coverage="100%" />
              </conditions>
            </line>
            <line number="34" hits="21" branch="False" />
            <line number="35" hits="21" branch="False" />
            <line number="36" hits="21" branch="False" />
            <line number="37" hits="21" branch="False" />
            <line number="38" hits="21" branch="False" />
            <line number="39" hits="22" branch="False" />
            <line number="42" hits="16" branch="False" />
            <line number="43" hits="0" branch="False" />
            <line number="44" hits="4" branch="False" />
            <line number="45" hits="0" branch="False" />
            <line number="46" hits="4" branch="False" />
            <line number="47" hits="4" branch="False" />
            <line number="48" hits="4" branch="False" />
            <line number="49" hits="4" branch="False" />
            <line number="52" hits="9" branch="False" />
            <line number="53" hits="9" branch="True" condition-coverage="100% (2/2)">
              <conditions>
                <condition number="9" type="jump" coverage="100%" />
              </conditions>
            </line>
            <line number="54" hits="1" branch="False" />
            <line number="56" hits="1" branch="True" condition-coverage="50% (1/2)">
              <conditions>
                <condition number="35" type="jump" coverage="50%" />
              </conditions>
            </line>
            <line number="57" hits="2" branch="True" condition-coverage="100% (2/2)">
              <conditions>
                <condition number="51" type="jump" coverage="100%" />
              </conditions>
            </line>
            <line number="58" hits="1" branch="True" condition-coverage="50% (1/2)">
              <conditions>
                <condition number="71" type="jump" coverage="50%" />
              </conditions>
            </line>
            <line number="59" hits="1" branch="True" condition-coverage="50% (1/2)">
              <conditions>
                <condition number="87" type="jump" coverage="50%" />
              </conditions>
            </line>
            <line number="60" hits="1" branch="False" />
            <line number="61" hits="1" branch="False" />
            <line number="62" hits="1" branch="False" />
            <line number="63" hits="1" branch="False" />
            <line number="64" hits="1" branch="False" />
            <line number="65" hits="1" branch="False" />
            <line number="67" hits="8" branch="False" />
            <line number="69" hits="8" branch="False" />
            <line number="70" hits="8" branch="False" />
            <line number="71" hits="9" branch="False" />
            <line number="74" hits="18" branch="False" />
            <line number="75" hits="6" branch="False" />
            <line number="76" hits="6" branch="False" />
            <line number="77" hits="6" branch="False" />
            <line number="79" hits="12" branch="False" />
            <line number="80" hits="6" branch="False" />
            <line number="81" hits="6" branch="False" />
            <line number="82" hits="6" branch="False" />
            <line number="85" hits="11" branch="False" />
            <line number="86" hits="11" branch="False" />
            <line number="87" hits="11" branch="False" />
            <line number="88" hits="11" branch="False" />
            <line number="89" hits="11" branch="False" />
            <line number="92" hits="15" branch="False" />
            <line number="93" hits="5" branch="False" />
            <line number="94" hits="5" branch="False" />
            <line number="95" hits="5" branch="False" />
          </lines>
        </class>
        <class name="Cpu6502.Core.Cpu" filename="Cpu.Branches.cs" line-rate="1" branch-rate="1" complexity="12">
          <methods>
            <method name="BCC" signature="()" line-rate="1" branch-rate="1" complexity="1">
              <lines>
                <line number="5" hits="1" branch="False" />
              </lines>
            </method>
            <method name="BCS" signature="()" line-rate="1" branch-rate="1" complexity="1">
              <lines>
                <line number="6" hits="1" branch="False" />
              </lines>
            </method>
            <method name="BEQ" signature="()" line-rate="1" branch-rate="1" complexity="1">
              <lines>
                <line number="7" hits="2" branch="False" />
              </lines>
            </method>
            <method name="BNE" signature="()" line-rate="1" branch-rate="1" complexity="1">
              <lines>
                <line number="8" hits="6" branch="False" />
              </lines>
            </method>
            <method name="BMI" signature="()" line-rate="1" branch-rate="1" complexity="1">
              <lines>
                <line number="9" hits="1" branch="False" />
              </lines>
            </method>
            <method name="BPL" signature="()" line-rate="1" branch-rate="1" complexity="1">
              <lines>
                <line number="10" hits="1" branch="False" />
              </lines>
            </method>
            <method name="BVS" signature="()" line-rate="1" branch-rate="1" complexity="1">
              <lines>
                <line number="11" hits="1" branch="False" />
              </lines>
            </method>
            <method name="BVC" signature="()" line-rate="1" branch-rate="1" complexity="1">
              <lines>
                <line number="12" hits="1" branch="False" />
              </lines>
            </method>
            <method name="Branch" signature="(System.Boolean)" line-rate="1" branch-rate="1" complexity="4">
              <lines>
                <line number="15" hits="14" branch="False" />
                <line number="16" hits="14" branch="False" />
                <line number="17" hits="14" branch="False" />
                <line number="19" hits="17" branch="True" condition-coverage="100% (2/2)">
                  <conditions>
                    <condition number="31" type="jump" coverage="100%" />
                  </conditions>
                </line>
                <line number="21" hits="11" branch="False" />
                <line number="22" hits="11" branch="False" />
                <line number="23" hits="12" branch="True" condition-coverage="100% (2/2)">
                  <conditions>
                    <condition number="79" type="jump" coverage="100%" />
                  </conditions>
                </line>
                <line number="24" hits="11" branch="False" />
                <line number="25" hits="14" branch="False" />
              </lines>
            </method>
          </methods>
          <lines>
            <line number="5" hits="1" branch="False" />
            <line number="6" hits="1" branch="False" />
            <line number="7" hits="2" branch="False" />
            <line number="8" hits="6" branch="False" />
            <line number="9" hits="1" branch="False" />
            <line number="10" hits="1" branch="False" />
            <line number="11" hits="1" branch="False" />
            <line number="12" hits="1" branch="False" />
            <line number="15" hits="14" branch="False" />
            <line number="16" hits="14" branch="False" />
            <line number="17" hits="14" branch="False" />
            <line number="19" hits="17" branch="True" condition-coverage="100% (2/2)">
              <conditions>
                <condition number="31" type="jump" coverage="100%" />
              </conditions>
            </line>
            <line number="21" hits="11" branch="False" />
            <line number="22" hits="11" branch="False" />
            <line number="23" hits="12" branch="True" condition-coverage="100% (2/2)">
              <conditions>
                <condition number="79" type="jump" coverage="100%" />
              </conditions>
            </line>
            <line number="24" hits="11" branch="False" />
            <line number="25" hits="14" branch="False" />
          </lines>
        </class>
        <class name="Cpu6502.Core.Cpu" filename="Cpu.Compare.cs" line-rate="0.9" branch-rate="1" complexity="15">
          <methods>
            <method name="CMP_Imm" signature="()" line-rate="1" branch-rate="1" complexity="1">
              <lines>
                <line number="6" hits="20" branch="False" />
              </lines>
            </method>
            <method name="CMP_Zp" signature="()" line-rate="0" branch-rate="1" complexity="1">
              <lines>
                <line number="7" hits="0" branch="False" />
              </lines>
            </method>
            <method name="CMP_ZpX" signature="()" line-rate="1" branch-rate="1" complexity="1">
              <lines>
                <line number="8" hits="4" branch="False" />
              </lines>
            </method>
            <method name="CMP_Abs" signature="()" line-rate="0" branch-rate="1" complexity="1">
              <lines>
                <line number="9" hits="0" branch="False" />
              </lines>
            </method>
            <method name="CMP_AbsX" signature="()" line-rate="1" branch-rate="1" complexity="1">
              <lines>
                <line number="10" hits="4" branch="False" />
              </lines>
            </method>
            <method name="CMP_AbsY" signature="()" line-rate="1" branch-rate="1" complexity="1">
              <lines>
                <line number="11" hits="4" branch="False" />
              </lines>
            </method>
            <method name="CMP_IndX" signature="()" line-rate="1" branch-rate="1" complexity="1">
              <lines>
                <line number="12" hits="4" branch="False" />
              </lines>
            </method>
            <method name="CMP_IndY" signature="()" line-rate="1" branch-rate="1" complexity="1">
              <lines>
                <line number="13" hits="4" branch="False" />
              </lines>
            </method>
            <method name="CPX_Imm" signature="()" line-rate="1" branch-rate="1" complexity="1">
              <lines>
                <line number="16" hits="8" branch="False" />
              </lines>
            </method>
            <method name="CPX_Zp" signature="()" line-rate="1" branch-rate="1" complexity="1">
              <lines>
                <line number="17" hits="4" branch="False" />
              </lines>
            </method>
            <method name="CPX_Abs" signature="()" line-rate="1" branch-rate="1" complexity="1">
              <lines>
                <line number="18" hits="4" branch="False" />
              </lines>
            </method>
            <method name="CPY_Imm" signature="()" line-rate="1" branch-rate="1" complexity="1">
              <lines>
                <line number="21" hits="8" branch="False" />
              </lines>
            </method>
            <method name="CPY_Zp" signature="()" line-rate="1" branch-rate="1" complexity="1">
              <lines>
                <line number="22" hits="4" branch="False" />
              </lines>
            </method>
            <method name="CPY_Abs" signature="()" line-rate="1" branch-rate="1" complexity="1">
              <lines>
                <line number="23" hits="4" branch="False" />
              </lines>
            </method>
            <method name="DoCMP" signature="(System.Byte,System.Byte)" line-rate="1" branch-rate="1" complexity="1">
              <lines>
                <line number="26" hits="18" branch="False" />
                <line number="27" hits="18" branch="False" />
                <line number="28" hits="18" branch="False" />
                <line number="29" hits="18" branch="False" />
                <line number="30" hits="18" branch="False" />
                <line number="31" hits="18" branch="False" />
              </lines>
            </method>
          </methods>
          <lines>
            <line number="6" hits="20" branch="False" />
            <line number="7" hits="0" branch="False" />
            <line number="8" hits="4" branch="False" />
            <line number="9" hits="0" branch="False" />
            <line number="10" hits="4" branch="False" />
            <line number="11" hits="4" branch="False" />
            <line number="12" hits="4" branch="False" />
            <line number="13" hits="4" branch="False" />
            <line number="16" hits="8" branch="False" />
            <line number="17" hits="4" branch="False" />
            <line number="18" hits="4" branch="False" />
            <line number="21" hits="8" branch="False" />
            <line number="22" hits="4" branch="False" />
            <line number="23" hits="4" branch="False" />
            <line number="26" hits="18" branch="False" />
            <line number="27" hits="18" branch="False" />
            <line number="28" hits="18" branch="False" />
            <line number="29" hits="18" branch="False" />
            <line number="30" hits="18" branch="False" />
            <line number="31" hits="18" branch="False" />
          </lines>
        </class>
        <class name="Cpu6502.Core.Cpu" filename="Cpu.cs" line-rate="0.9751000000000001" branch-rate="0.8636" complexity="53">
          <methods>
            <method name="get_A" signature="()" line-rate="1" branch-rate="1" complexity="1">
              <lines>
                <line number="10" hits="755" branch="False" />
              </lines>
            </method>
            <method name="get_X" signature="()" line-rate="1" branch-rate="1" complexity="1">
              <lines>
                <line number="11" hits="428" branch="False" />
              </lines>
            </method>
            <method name="get_Y" signature="()" line-rate="1" branch-rate="1" complexity="1">
              <lines>
                <line number="12" hits="343" branch="False" />
              </lines>
            </method>
            <method name="get_SP" signature="()" line-rate="1" branch-rate="1" complexity="1">
              <lines>
                <line number="13" hits="391" branch="False" />
              </lines>
            </method>
            <method name="get_PC" signature="()" line-rate="1" branch-rate="1" complexity="1">
              <lines>
                <line number="14" hits="2062" branch="False" />
              </lines>
            </method>
            <method name="get_C" signature="()" line-rate="1" branch-rate="1" complexity="1">
              <lines>
                <line number="17" hits="427" branch="False" />
              </lines>
            </method>
            <method name="get_Z" signature="()" line-rate="1" branch-rate="1" complexity="1">
              <lines>
                <line number="18" hits="630" branch="False" />
              </lines>
            </method>
            <method name="get_I" signature="()" line-rate="1" branch-rate="1" complexity="1">
              <lines>
                <line number="19" hits="291" branch="False" />
              </lines>
            </method>
            <method name="get_D" signature="()" line-rate="1" branch-rate="1" complexity="1">
              <lines>
                <line number="20" hits="295" branch="False" />
              </lines>
            </method>
            <method name="get_V" signature="()" line-rate="1" branch-rate="1" complexity="1">
              <lines>
                <line number="21" hits="288" branch="False" />
              </lines>
            </method>
            <method name="get_N" signature="()" line-rate="1" branch-rate="1" complexity="1">
              <lines>
                <line number="22" hits="610" branch="False" />
              </lines>
            </method>
            <method name="get_TotalCycles" signature="()" line-rate="1" branch-rate="1" complexity="1">
              <lines>
                <line number="25" hits="1536" branch="False" />
              </lines>
            </method>
            <method name="Reset" signature="()" line-rate="1" branch-rate="1" complexity="1">
              <lines>
                <line number="52" hits="230" branch="False" />
                <line number="53" hits="230" branch="False" />
                <line number="54" hits="230" branch="False" />
                <line number="55" hits="230" branch="False" />
                <line number="56" hits="230" branch="False" />
                <line number="57" hits="230" branch="False" />
                <line number="58" hits="230" branch="False" />
                <line number="59" hits="230" branch="False" />
                <line number="60" hits="230" branch="False" />
                <line number="61" hits="230" branch="False" />
                <line number="62" hits="230" branch="False" />
                <line number="64" hits="230" branch="False" />
                <line number="65" hits="230" branch="False" />
                <line number="66" hits="230" branch="False" />
              </lines>
            </method>
            <method name="Step" signature="()" line-rate="1" branch-rate="1" complexity="6">
              <lines>
                <line number="70" hits="474" branch="False" />
                <line number="72" hits="486" branch="True" condition-coverage="100% (2/2)">
                  <conditions>
                    <condition number="9" type="jump" coverage="100%" />
                  </conditions>
                </line>
                <line number="73" hits="482" branch="True" condition-coverage="100% (4/4)">
                  <conditions>
                    <condition number="27" type="jump" coverage="100%" />
                    <condition number="43" type="jump" coverage="100%" />
                  </conditions>
                </line>
                <line number="75" hits="466" branch="False" />
                <line number="76" hits="466" branch="False" />
                <line number="77" hits="474" branch="False" />
              </lines>
            </method>
            <method name="Irq" signature="()" line-rate="1" branch-rate="1" complexity="1">
              <lines>
                <line number="80" hits="5" branch="False" />
              </lines>
            </method>
            <method name="Nmi" signature="()" line-rate="1" branch-rate="1" complexity="1">
              <lines>
                <line number="83" hits="4" branch="False" />
              </lines>
            </method>
            <method name="GetStatus" signature="(System.Boolean)" line-rate="1" branch-rate="0.7857" complexity="14">
              <lines>
                <line number="94" hits="20" branch="False" />
                <line number="95" hits="20" branch="False" />
                <line number="96" hits="22" branch="True" condition-coverage="100% (2/2)">
                  <conditions>
                    <condition number="12" type="jump" coverage="100%" />
                  </conditions>
                </line>
                <line number="97" hits="20" branch="True" condition-coverage="50% (1/2)">
                  <conditions>
                    <condition number="27" type="jump" coverage="50%" />
                  </conditions>
                </line>
                <line number="98" hits="33" branch="True" condition-coverage="100% (2/2)">
                  <conditions>
                    <condition number="42" type="jump" coverage="100%" />
                  </conditions>
                </line>
                <line number="99" hits="21" branch="True" condition-coverage="100% (2/2)">
                  <conditions>
                    <condition number="59" type="jump" coverage="100%" />
                  </conditions>
                </line>
                <line number="100" hits="29" branch="True" condition-coverage="100% (2/2)">
                  <conditions>
                    <condition number="71" type="jump" coverage="100%" />
                  </conditions>
                </line>
                <line number="101" hits="20" branch="True" condition-coverage="50% (1/2)">
                  <conditions>
                    <condition number="89" type="jump" coverage="50%" />
                  </conditions>
                </line>
                <line number="102" hits="20" branch="True" condition-coverage="50% (1/2)">
                  <conditions>
                    <condition number="107" type="jump" coverage="50%" />
                  </conditions>
                </line>
                <line number="103" hits="20" branch="False" />
                <line number="104" hits="20" branch="False" />
              </lines>
            </method>
            <method name="SetStatus" signature="(System.Byte)" line-rate="1" branch-rate="1" complexity="1">
              <lines>
                <line number="107" hits="3" branch="False" />
                <line number="108" hits="3" branch="False" />
                <line number="109" hits="3" branch="False" />
                <line number="110" hits="3" branch="False" />
                <line number="111" hits="3" branch="False" />
                <line number="112" hits="3" branch="False" />
                <line number="113" hits="3" branch="False" />
                <line number="114" hits="3" branch="False" />
              </lines>
            </method>
            <method name="ServiceNmi" signature="()" line-rate="1" branch-rate="1" complexity="1">
              <lines>
                <line number="121" hits="4" branch="False" />
                <line number="122" hits="4" branch="False" />
                <line number="123" hits="4" branch="False" />
                <line number="124" hits="4" branch="False" />
                <line number="125" hits="4" branch="False" />
                <line number="126" hits="4" branch="False" />
                <line number="127" hits="4" branch="False" />
                <line number="128" hits="4" branch="False" />
              </lines>
            </method>
            <method name="ServiceIrq" signature="()" line-rate="1" branch-rate="1" complexity="1">
              <lines>
                <line number="131" hits="4" branch="False" />
                <line number="132" hits="4" branch="False" />
                <line number="133" hits="4" branch="False" />
                <line number="134" hits="4" branch="False" />
                <line number="135" hits="4" branch="False" />
                <line number="136" hits="4" branch="False" />
                <line number="137" hits="4" branch="False" />
                <line number="138" hits="4" branch="False" />
              </lines>
            </method>
            <method name="Fetch" signature="()" line-rate="1" branch-rate="1" complexity="1">
              <lines>
                <line number="144" hits="634" branch="False" />
              </lines>
            </method>
            <method name="ReadByte" signature="(System.UInt16)" line-rate="1" branch-rate="1" complexity="1">
              <lines>
                <line number="145" hits="308" branch="False" />
              </lines>
            </method>
            <method name="WriteByte" signature="(System.UInt16,System.Byte)" line-rate="1" branch-rate="1" complexity="1">
              <lines>
                <line number="146" hits="38" branch="False" />
              </lines>
            </method>
            <method name="ReadWord" signature="(System.UInt16)" line-rate="1" branch-rate="1" complexity="1">
              <lines>
                <line number="149" hits="244" branch="False" />
              </lines>
            </method>
            <method name="ReadWordBug" signature="(System.UInt16)" line-rate="1" branch-rate="1" complexity="1">
              <lines>
                <line number="153" hits="21" branch="False" />
                <line number="154" hits="21" branch="False" />
                <line number="155" hits="21" branch="False" />
                <line number="156" hits="21" branch="False" />
              </lines>
            </method>
            <method name="StackPush" signature="(System.Byte)" line-rate="1" branch-rate="1" complexity="1">
              <lines>
                <line number="162" hits="60" branch="False" />
              </lines>
            </method>
            <method name="StackPull" signature="()" line-rate="1" branch-rate="1" complexity="1">
              <lines>
                <line number="163" hits="15" branch="False" />
              </lines>
            </method>
            <method name="StackPushWord" signature="(System.UInt16)" line-rate="1" branch-rate="1" complexity="1">
              <lines>
                <line number="164" hits="76" branch="False" />
              </lines>
            </method>
            <method name="StackPullWord" signature="()" line-rate="1" branch-rate="1" complexity="1">
              <lines>
                <line number="165" hits="20" branch="False" />
              </lines>
            </method>
            <method name="SetZN" signature="(System.Byte)" line-rate="1" branch-rate="1" complexity="1">
              <lines>
                <line number="171" hits="1256" branch="False" />
              </lines>
            </method>
            <method name="PageCrossed" signature="(System.UInt16,System.UInt16)" line-rate="1" branch-rate="1" complexity="1">
              <lines>
                <line number="173" hits="47" branch="False" />
              </lines>
            </method>
            <method name="BuildDispatchTable" signature="()" line-rate="1" branch-rate="1" complexity="2">
              <lines>
                <line number="180" hits="228" branch="False" />
                <line number="182" hits="117192" branch="True" condition-coverage="100% (2/2)">
                  <conditions>
                    <condition number="39" type="jump" coverage="100%" />
                  </conditions>
                </line>
                <line number="183" hits="58368" branch="False" />
                <line number="186" hits="240" branch="False" />
                <line number="189" hits="684" branch="False" />
                <line number="190" hits="684" branch="False" />
                <line number="191" hits="456" branch="False" />
                <line number="193" hits="684" branch="False" />
                <line number="194" hits="456" branch="False" />
                <line number="196" hits="684" branch="False" />
                <line number="197" hits="456" branch="False" />
                <line number="199" hits="456" branch="False" />
                <line number="200" hits="684" branch="False" />
                <line number="201" hits="456" branch="False" />
                <line number="203" hits="684" branch="False" />
                <line number="204" hits="684" branch="False" />
                <line number="207" hits="456" branch="False" />
                <line number="208" hits="456" branch="False" />
                <line number="209" hits="456" branch="False" />
                <line number="212" hits="456" branch="False" />
                <line number="213" hits="456" branch="False" />
                <line number="216" hits="684" branch="False" />
                <line number="217" hits="684" branch="False" />
                <line number="218" hits="456" branch="False" />
                <line number="220" hits="684" branch="False" />
                <line number="221" hits="684" branch="False" />
                <line number="222" hits="456" branch="False" />
                <line number="224" hits="456" branch="False" />
                <line number="225" hits="456" branch="False" />
                <line number="226" hits="456" branch="False" />
                <line number="228" hits="456" branch="False" />
                <line number="229" hits="456" branch="False" />
                <line number="230" hits="456" branch="False" />
                <line number="233" hits="684" branch="False" />
                <line number="234" hits="684" branch="False" />
                <line number="235" hits="456" branch="False" />
                <line number="237" hits="684" branch="False" />
                <line number="238" hits="684" branch="False" />
                <line number="239" hits="456" branch="False" />
                <line number="241" hits="684" branch="False" />
                <line number="242" hits="684" branch="False" />
                <line number="243" hits="456" branch="False" />
                <line number="245" hits="456" branch="False" />
                <line number="248" hits="684" branch="False" />
                <line number="249" hits="456" branch="False" />
                <line number="251" hits="684" branch="False" />
                <line number="252" hits="456" branch="False" />
                <line number="254" hits="684" branch="False" />
                <line number="255" hits="456" branch="False" />
                <line number="257" hits="684" branch="False" />
                <line number="258" hits="456" branch="False" />
                <line number="261" hits="684" branch="False" />
                <line number="262" hits="684" branch="False" />
                <line number="263" hits="456" branch="False" />
                <line number="265" hits="684" branch="False" />
                <line number="266" hits="684" branch="False" />
                <line number="269" hits="456" branch="False" />
                <line number="270" hits="456" branch="False" />
                <line number="271" hits="456" branch="False" />
                <line number="272" hits="456" branch="False" />
                <line number="275" hits="456" branch="False" />
                <line number="276" hits="456" branch="False" />
                <line number="277" hits="456" branch="False" />
                <line number="280" hits="456" branch="False" />
                <line number="281" hits="456" branch="False" />
                <line number="282" hits="456" branch="False" />
                <line number="283" hits="228" branch="False" />
                <line number="284" hits="228" branch="False" />
              </lines>
            </method>
            <method name="IllegalOpcode" signature="()" line-rate="0" branch-rate="1" complexity="1">
              <lines>
                <line number="287" hits="0" branch="False" />
                <line number="288" hits="0" branch="False" />
                <line number="289" hits="0" branch="False" />
                <line number="290" hits="0" branch="False" />
              </lines>
            </method>
            <method name=".ctor" signature="(Cpu6502.Core.IBus)" line-rate="1" branch-rate="1" complexity="1">
              <lines>
                <line number="31" hits="228" branch="False" />
                <line number="37" hits="228" branch="False" />
                <line number="38" hits="228" branch="False" />
                <line number="39" hits="228" branch="False" />
                <line number="40" hits="228" branch="False" />
                <line number="41" hits="228" branch="False" />
              </lines>
            </method>
          </methods>
          <lines>
            <line number="10" hits="755" branch="False" />
            <line number="11" hits="428" branch="False" />
            <line number="12" hits="343" branch="False" />
            <line number="13" hits="391" branch="False" />
            <line number="14" hits="2062" branch="False" />
            <line number="17" hits="427" branch="False" />
            <line number="18" hits="630" branch="False" />
            <line number="19" hits="291" branch="False" />
            <line number="20" hits="295" branch="False" />
            <line number="21" hits="288" branch="False" />
            <line number="22" hits="610" branch="False" />
            <line number="25" hits="1536" branch="False" />
            <line number="52" hits="230" branch="False" />
            <line number="53" hits="230" branch="False" />
            <line number="54" hits="230" branch="False" />
            <line number="55" hits="230" branch="False" />
            <line number="56" hits="230" branch="False" />
            <line number="57" hits="230" branch="False" />
            <line number="58" hits="230" branch="False" />
            <line number="59" hits="230" branch="False" />
            <line number="60" hits="230" branch="False" />
            <line number="61" hits="230" branch="False" />
            <line number="62" hits="230" branch="False" />
            <line number="64" hits="230" branch="False" />
            <line number="65" hits="230" branch="False" />
            <line number="66" hits="230" branch="False" />
            <line number="70" hits="474" branch="False" />
            <line number="72" hits="486" branch="True" condition-coverage="100% (2/2)">
              <conditions>
                <condition number="9" type="jump" coverage="100%" />
              </conditions>
            </line>
            <line number="73" hits="482" branch="True" condition-coverage="100% (4/4)">
              <conditions>
                <condition number="27" type="jump" coverage="100%" />
                <condition number="43" type="jump" coverage="100%" />
              </conditions>
            </line>
            <line number="75" hits="466" branch="False" />
            <line number="76" hits="466" branch="False" />
            <line number="77" hits="474" branch="False" />
            <line number="80" hits="5" branch="False" />
            <line number="83" hits="4" branch="False" />
            <line number="94" hits="20" branch="False" />
            <line number="95" hits="20" branch="False" />
            <line number="96" hits="22" branch="True" condition-coverage="100% (2/2)">
              <conditions>
                <condition number="12" type="jump" coverage="100%" />
              </conditions>
            </line>
            <line number="97" hits="20" branch="True" condition-coverage="50% (1/2)">
              <conditions>
                <condition number="27" type="jump" coverage="50%" />
              </conditions>
            </line>
            <line number="98" hits="33" branch="True" condition-coverage="100% (2/2)">
              <conditions>
                <condition number="42" type="jump" coverage="100%" />
              </conditions>
            </line>
            <line number="99" hits="21" branch="True" condition-coverage="100% (2/2)">
              <conditions>
                <condition number="59" type="jump" coverage="100%" />
              </conditions>
            </line>
            <line number="100" hits="29" branch="True" condition-coverage="100% (2/2)">
              <conditions>
                <condition number="71" type="jump" coverage="100%" />
              </conditions>
            </line>
            <line number="101" hits="20" branch="True" condition-coverage="50% (1/2)">
              <conditions>
                <condition number="89" type="jump" coverage="50%" />
              </conditions>
            </line>
            <line number="102" hits="20" branch="True" condition-coverage="50% (1/2)">
              <conditions>
                <condition number="107" type="jump" coverage="50%" />
              </conditions>
            </line>
            <line number="103" hits="20" branch="False" />
            <line number="104" hits="20" branch="False" />
            <line number="107" hits="3" branch="False" />
            <line number="108" hits="3" branch="False" />
            <line number="109" hits="3" branch="False" />
            <line number="110" hits="3" branch="False" />
            <line number="111" hits="3" branch="False" />
            <line number="112" hits="3" branch="False" />
            <line number="113" hits="3" branch="False" />
            <line number="114" hits="3" branch="False" />
            <line number="121" hits="4" branch="False" />
            <line number="122" hits="4" branch="False" />
            <line number="123" hits="4" branch="False" />
            <line number="124" hits="4" branch="False" />
            <line number="125" hits="4" branch="False" />
            <line number="126" hits="4" branch="False" />
            <line number="127" hits="4" branch="False" />
            <line number="128" hits="4" branch="False" />
            <line number="131" hits="4" branch="False" />
            <line number="132" hits="4" branch="False" />
            <line number="133" hits="4" branch="False" />
            <line number="134" hits="4" branch="False" />
            <line number="135" hits="4" branch="False" />
            <line number="136" hits="4" branch="False" />
            <line number="137" hits="4" branch="False" />
            <line number="138" hits="4" branch="False" />
            <line number="144" hits="634" branch="False" />
            <line number="145" hits="308" branch="False" />
            <line number="146" hits="38" branch="False" />
            <line number="149" hits="244" branch="False" />
            <line number="153" hits="21" branch="False" />
            <line number="154" hits="21" branch="False" />
            <line number="155" hits="21" branch="False" />
            <line number="156" hits="21" branch="False" />
            <line number="162" hits="60" branch="False" />
            <line number="163" hits="15" branch="False" />
            <line number="164" hits="76" branch="False" />
            <line number="165" hits="20" branch="False" />
            <line number="171" hits="1256" branch="False" />
            <line number="173" hits="47" branch="False" />
            <line number="180" hits="228" branch="False" />
            <line number="182" hits="117192" branch="True" condition-coverage="100% (2/2)">
              <conditions>
                <condition number="39" type="jump" coverage="100%" />
              </conditions>
            </line>
            <line number="183" hits="58368" branch="False" />
            <line number="186" hits="240" branch="False" />
            <line number="189" hits="684" branch="False" />
            <line number="190" hits="684" branch="False" />
            <line number="191" hits="456" branch="False" />
            <line number="193" hits="684" branch="False" />
            <line number="194" hits="456" branch="False" />
            <line number="196" hits="684" branch="False" />
            <line number="197" hits="456" branch="False" />
            <line number="199" hits="456" branch="False" />
            <line number="200" hits="684" branch="False" />
            <line number="201" hits="456" branch="False" />
            <line number="203" hits="684" branch="False" />
            <line number="204" hits="684" branch="False" />
            <line number="207" hits="456" branch="False" />
            <line number="208" hits="456" branch="False" />
            <line number="209" hits="456" branch="False" />
            <line number="212" hits="456" branch="False" />
            <line number="213" hits="456" branch="False" />
            <line number="216" hits="684" branch="False" />
            <line number="217" hits="684" branch="False" />
            <line number="218" hits="456" branch="False" />
            <line number="220" hits="684" branch="False" />
            <line number="221" hits="684" branch="False" />
            <line number="222" hits="456" branch="False" />
            <line number="224" hits="456" branch="False" />
            <line number="225" hits="456" branch="False" />
            <line number="226" hits="456" branch="False" />
            <line number="228" hits="456" branch="False" />
            <line number="229" hits="456" branch="False" />
            <line number="230" hits="456" branch="False" />
            <line number="233" hits="684" branch="False" />
            <line number="234" hits="684" branch="False" />
            <line number="235" hits="456" branch="False" />
            <line number="237" hits="684" branch="False" />
            <line number="238" hits="684" branch="False" />
            <line number="239" hits="456" branch="False" />
            <line number="241" hits="684" branch="False" />
            <line number="242" hits="684" branch="False" />
            <line number="243" hits="456" branch="False" />
            <line number="245" hits="456" branch="False" />
            <line number="248" hits="684" branch="False" />
            <line number="249" hits="456" branch="False" />
            <line number="251" hits="684" branch="False" />
            <line number="252" hits="456" branch="False" />
            <line number="254" hits="684" branch="False" />
            <line number="255" hits="456" branch="False" />
            <line number="257" hits="684" branch="False" />
            <line number="258" hits="456" branch="False" />
            <line number="261" hits="684" branch="False" />
            <line number="262" hits="684" branch="False" />
            <line number="263" hits="456" branch="False" />
            <line number="265" hits="684" branch="False" />
            <line number="266" hits="684" branch="False" />
            <line number="269" hits="456" branch="False" />
            <line number="270" hits="456" branch="False" />
            <line number="271" hits="456" branch="False" />
            <line number="272" hits="456" branch="False" />
            <line number="275" hits="456" branch="False" />
            <line number="276" hits="456" branch="False" />
            <line number="277" hits="456" branch="False" />
            <line number="280" hits="456" branch="False" />
            <line number="281" hits="456" branch="False" />
            <line number="282" hits="456" branch="False" />
            <line number="283" hits="228" branch="False" />
            <line number="284" hits="228" branch="False" />
            <line number="287" hits="0" branch="False" />
            <line number="288" hits="0" branch="False" />
            <line number="289" hits="0" branch="False" />
            <line number="290" hits="0" branch="False" />
            <line number="31" hits="228" branch="False" />
            <line number="37" hits="228" branch="False" />
            <line number="38" hits="228" branch="False" />
            <line number="39" hits="228" branch="False" />
            <line number="40" hits="228" branch="False" />
            <line number="41" hits="228" branch="False" />
          </lines>
        </class>
        <class name="Cpu6502.Core.Cpu" filename="Cpu.Flags.cs" line-rate="1" branch-rate="1" complexity="7">
          <methods>
            <method name="CLC" signature="()" line-rate="1" branch-rate="1" complexity="1">
              <lines>
                <line number="5" hits="112" branch="False" />
              </lines>
            </method>
            <method name="SEC" signature="()" line-rate="1" branch-rate="1" complexity="1">
              <lines>
                <line number="6" hits="72" branch="False" />
              </lines>
            </method>
            <method name="CLI" signature="()" line-rate="1" branch-rate="1" complexity="1">
              <lines>
                <line number="7" hits="40" branch="False" />
              </lines>
            </method>
            <method name="SEI" signature="()" line-rate="1" branch-rate="1" complexity="1">
              <lines>
                <line number="8" hits="12" branch="False" />
              </lines>
            </method>
            <method name="CLD" signature="()" line-rate="1" branch-rate="1" complexity="1">
              <lines>
                <line number="9" hits="8" branch="False" />
              </lines>
            </method>
            <method name="SED" signature="()" line-rate="1" branch-rate="1" complexity="1">
              <lines>
                <line number="10" hits="24" branch="False" />
              </lines>
            </method>
            <method name="CLV" signature="()" line-rate="1" branch-rate="1" complexity="1">
              <lines>
                <line number="11" hits="8" branch="False" />
              </lines>
            </method>
          </methods>
          <lines>
            <line number="5" hits="112" branch="False" />
            <line number="6" hits="72" branch="False" />
            <line number="7" hits="40" branch="False" />
            <line number="8" hits="12" branch="False" />
            <line number="9" hits="8" branch="False" />
            <line number="10" hits="24" branch="False" />
            <line number="11" hits="8" branch="False" />
          </lines>
        </class>
        <class name="Cpu6502.Core.Cpu" filename="Cpu.Jumps.cs" line-rate="1" branch-rate="1" complexity="6">
          <methods>
            <method name="JMP_Abs" signature="()" line-rate="1" branch-rate="1" complexity="1">
              <lines>
                <line number="7" hits="2" branch="False" />
                <line number="8" hits="2" branch="False" />
                <line number="9" hits="2" branch="False" />
                <line number="10" hits="2" branch="False" />
              </lines>
            </method>
            <method name="JMP_Ind" signature="()" line-rate="1" branch-rate="1" complexity="1">
              <lines>
                <line number="13" hits="3" branch="False" />
                <line number="14" hits="3" branch="False" />
                <line number="15" hits="3" branch="False" />
                <line number="16" hits="3" branch="False" />
                <line number="17" hits="3" branch="False" />
              </lines>
            </method>
            <method name="JSR" signature="()" line-rate="1" branch-rate="1" complexity="1">
              <lines>
                <line number="21" hits="5" branch="False" />
                <line number="22" hits="5" branch="False" />
                <line number="23" hits="5" branch="False" />
                <line number="24" hits="5" branch="False" />
                <line number="25" hits="5" branch="False" />
                <line number="26" hits="5" branch="False" />
              </lines>
            </method>
            <method name="RTS" signature="()" line-rate="1" branch-rate="1" complexity="1">
              <lines>
                <line number="29" hits="2" branch="False" />
                <line number="30" hits="2" branch="False" />
                <line number="31" hits="2" branch="False" />
                <line number="32" hits="2" branch="False" />
              </lines>
            </method>
            <method name="BRK" signature="()" line-rate="1" branch-rate="1" complexity="1">
              <lines>
                <line number="36" hits="6" branch="False" />
                <line number="37" hits="6" branch="False" />
                <line number="38" hits="6" branch="False" />
                <line number="39" hits="6" branch="False" />
                <line number="40" hits="6" branch="False" />
                <line number="41" hits="6" branch="False" />
                <line number="42" hits="6" branch="False" />
                <line number="43" hits="6" branch="False" />
              </lines>
            </method>
            <method name="RTI" signature="()" line-rate="1" branch-rate="1" complexity="1">
              <lines>
                <line number="47" hits="2" branch="False" />
                <line number="48" hits="2" branch="False" />
                <line number="49" hits="2" branch="False" />
                <line number="50" hits="2" branch="False" />
                <line number="51" hits="2" branch="False" />
              </lines>
            </method>
          </methods>
          <lines>
            <line number="7" hits="2" branch="False" />
            <line number="8" hits="2" branch="False" />
            <line number="9" hits="2" branch="False" />
            <line number="10" hits="2" branch="False" />
            <line number="13" hits="3" branch="False" />
            <line number="14" hits="3" branch="False" />
            <line number="15" hits="3" branch="False" />
            <line number="16" hits="3" branch="False" />
            <line number="17" hits="3" branch="False" />
            <line number="21" hits="5" branch="False" />
            <line number="22" hits="5" branch="False" />
            <line number="23" hits="5" branch="False" />
            <line number="24" hits="5" branch="False" />
            <line number="25" hits="5" branch="False" />
            <line number="26" hits="5" branch="False" />
            <line number="29" hits="2" branch="False" />
            <line number="30" hits="2" branch="False" />
            <line number="31" hits="2" branch="False" />
            <line number="32" hits="2" branch="False" />
            <line number="36" hits="6" branch="False" />
            <line number="37" hits="6" branch="False" />
            <line number="38" hits="6" branch="False" />
            <line number="39" hits="6" branch="False" />
            <line number="40" hits="6" branch="False" />
            <line number="41" hits="6" branch="False" />
            <line number="42" hits="6" branch="False" />
            <line number="43" hits="6" branch="False" />
            <line number="47" hits="2" branch="False" />
            <line number="48" hits="2" branch="False" />
            <line number="49" hits="2" branch="False" />
            <line number="50" hits="2" branch="False" />
            <line number="51" hits="2" branch="False" />
          </lines>
        </class>
        <class name="Cpu6502.Core.Cpu" filename="Cpu.LoadStore.cs" line-rate="0.7741" branch-rate="1" complexity="31">
          <methods>
            <method name="LDA_Imm" signature="()" line-rate="1" branch-rate="1" complexity="1">
              <lines>
                <line number="6" hits="535" branch="False" />
              </lines>
            </method>
            <method name="LDA_Zp" signature="()" line-rate="1" branch-rate="1" complexity="1">
              <lines>
                <line number="7" hits="15" branch="False" />
              </lines>
            </method>
            <method name="LDA_ZpX" signature="()" line-rate="1" branch-rate="1" complexity="1">
              <lines>
                <line number="8" hits="5" branch="False" />
              </lines>
            </method>
            <method name="LDA_Abs" signature="()" line-rate="1" branch-rate="1" complexity="1">
              <lines>
                <line number="9" hits="5" branch="False" />
              </lines>
            </method>
            <method name="LDA_AbsX" signature="()" line-rate="1" branch-rate="1" complexity="1">
              <lines>
                <line number="10" hits="10" branch="False" />
              </lines>
            </method>
            <method name="LDA_AbsY" signature="()" line-rate="1" branch-rate="1" complexity="1">
              <lines>
                <line number="11" hits="5" branch="False" />
              </lines>
            </method>
            <method name="LDA_IndX" signature="()" line-rate="1" branch-rate="1" complexity="1">
              <lines>
                <line number="12" hits="10" branch="False" />
              </lines>
            </method>
            <method name="LDA_IndY" signature="()" line-rate="1" branch-rate="1" complexity="1">
              <lines>
                <line number="13" hits="10" branch="False" />
              </lines>
            </method>
            <method name="LDX_Imm" signature="()" line-rate="1" branch-rate="1" complexity="1">
              <lines>
                <line number="16" hits="275" branch="False" />
              </lines>
            </method>
            <method name="LDX_Zp" signature="()" line-rate="0" branch-rate="1" complexity="1">
              <lines>
[...]
              <lines>
                <line number="30" hits="5" branch="False" />
              </lines>
            </method>
            <method name="EOR_AbsY" signature="()" line-rate="1" branch-rate="1" complexity="1">
              <lines>
                <line number="31" hits="5" branch="False" />
              </lines>
            </method>
            <method name="EOR_IndX" signature="()" line-rate="1" branch-rate="1" complexity="1">
              <lines>
                <line number="32" hits="5" branch="False" />
              </lines>
            </method>
            <method name="EOR_IndY" signature="()" line-rate="1" branch-rate="1" complexity="1">
              <lines>
                <line number="33" hits="5" branch="False" />
              </lines>
            </method>
            <method name="BIT_Zp" signature="()" line-rate="1" branch-rate="1" complexity="1">
              <lines>
                <line number="36" hits="12" branch="False" />
              </lines>
            </method>
            <method name="BIT_Abs" signature="()" line-rate="1" branch-rate="1" complexity="1">
              <lines>
                <line number="37" hits="4" branch="False" />
              </lines>
            </method>
            <method name="DoBIT" signature="(System.Byte)" line-rate="1" branch-rate="1" complexity="1">
              <lines>
                <line number="40" hits="4" branch="False" />
                <line number="41" hits="4" branch="False" />
                <line number="42" hits="4" branch="False" />
                <line number="43" hits="4" branch="False" />
                <line number="44" hits="4" branch="False" />
              </lines>
            </method>
          </methods>
          <lines>
            <line number="6" hits="20" branch="False" />
            <line number="7" hits="0" branch="False" />
            <line number="8" hits="5" branch="False" />
            <line number="9" hits="0" branch="False" />
            <line number="10" hits="5" branch="False" />
            <line number="11" hits="5" branch="False" />
            <line number="12" hits="5" branch="False" />
            <line number="13" hits="5" branch="False" />
            <line number="16" hits="10" branch="False" />
            <line number="17" hits="0" branch="False" />
            <line number="18" hits="5" branch="False" />
            <line number="19" hits="0" branch="False" />
            <line number="20" hits="5" branch="False" />
            <line number="21" hits="5" branch="False" />
            <line number="22" hits="5" branch="False" />
            <line number="23" hits="5" branch="False" />
            <line number="26" hits="10" branch="False" />
            <line number="27" hits="0" branch="False" />
            <line number="28" hits="5" branch="False" />
            <line number="29" hits="0" branch="False" />
            <line number="30" hits="5" branch="False" />
            <line number="31" hits="5" branch="False" />
            <line number="32" hits="5" branch="False" />
            <line number="33" hits="5" branch="False" />
            <line number="36" hits="12" branch="False" />
            <line number="37" hits="4" branch="False" />
            <line number="40" hits="4" branch="False" />
            <line number="41" hits="4" branch="False" />
            <line number="42" hits="4" branch="False" />
            <line number="43" hits="4" branch="False" />
            <line number="44" hits="4" branch="False" />
          </lines>
        </class>
        <class name="Cpu6502.Core.Cpu" filename="Cpu.Shifts.cs" line-rate="0.95" branch-rate="1" complexity="27">
          <methods>
            <method name="ASL_Acc" signature="()" line-rate="1" branch-rate="1" complexity="1">
              <lines>
                <line number="6" hits="16" branch="False" />
              </lines>
            </method>
            <method name="ASL_Zp" signature="()" line-rate="1" branch-rate="1" complexity="1">
              <lines>
                <line number="7" hits="10" branch="False" />
              </lines>
            </method>
            <method name="ASL_ZpX" signature="()" line-rate="1" branch-rate="1" complexity="1">
              <lines>
                <line number="8" hits="5" branch="False" />
              </lines>
            </method>
            <method name="ASL_Abs" signature="()" line-rate="1" branch-rate="1" complexity="1">
              <lines>
                <line number="9" hits="5" branch="False" />
              </lines>
            </method>
            <method name="ASL_AbsX" signature="()" line-rate="1" branch-rate="1" complexity="1">
              <lines>
                <line number="10" hits="5" branch="False" />
              </lines>
            </method>
            <method name="DoASL" signature="(System.Byte)" line-rate="1" branch-rate="1" complexity="1">
              <lines>
                <line number="12" hits="54" branch="False" />
              </lines>
            </method>
            <method name="LSR_Acc" signature="()" line-rate="1" branch-rate="1" complexity="1">
              <lines>
                <line number="15" hits="12" branch="False" />
              </lines>
            </method>
            <method name="LSR_Zp" signature="()" line-rate="0" branch-rate="1" complexity="1">
              <lines>
                <line number="16" hits="0" branch="False" />
              </lines>
            </method>
            <method name="LSR_ZpX" signature="()" line-rate="1" branch-rate="1" complexity="1">
              <lines>
                <line number="17" hits="5" branch="False" />
              </lines>
            </method>
            <method name="LSR_Abs" signature="()" line-rate="1" branch-rate="1" complexity="1">
              <lines>
                <line number="18" hits="5" branch="False" />
              </lines>
            </method>
            <method name="LSR_AbsX" signature="()" line-rate="1" branch-rate="1" complexity="1">
              <lines>
                <line number="19" hits="5" branch="False" />
              </lines>
            </method>
            <method name="DoLSR" signature="(System.Byte)" line-rate="1" branch-rate="1" complexity="1">
              <lines>
                <line number="21" hits="36" branch="False" />
              </lines>
            </method>
            <method name="ROL_Acc" signature="()" line-rate="1" branch-rate="1" complexity="1">
              <lines>
                <line number="24" hits="12" branch="False" />
              </lines>
            </method>
            <method name="ROL_Zp" signature="()" line-rate="0" branch-rate="1" complexity="1">
              <lines>
                <line number="25" hits="0" branch="False" />
              </lines>
            </method>
            <method name="ROL_ZpX" signature="()" line-rate="1" branch-rate="1" complexity="1">
              <lines>
                <line number="26" hits="5" branch="False" />
              </lines>
            </method>
            <method name="ROL_Abs" signature="()" line-rate="1" branch-rate="1" complexity="1">
              <lines>
                <line number="27" hits="5" branch="False" />
              </lines>
            </method>
            <method name="ROL_AbsX" signature="()" line-rate="1" branch-rate="1" complexity="1">
              <lines>
                <line number="28" hits="5" branch="False" />
              </lines>
            </method>
            <method name="DoROL" signature="(System.Byte)" line-rate="1" branch-rate="1" complexity="2">
              <lines>
                <line number="31" hits="6" branch="False" />
                <line number="32" hits="6" branch="False" />
                <line number="33" hits="6" branch="False" />
                <line number="34" hits="6" branch="True" condition-coverage="100% (2/2)">
                  <conditions>
                    <condition number="29" type="jump" coverage="100%" />
                  </conditions>
                </line>
                <line number="35" hits="6" branch="False" />
                <line number="36" hits="6" branch="False" />
                <line number="37" hits="6" branch="False" />
              </lines>
            </method>
            <method name="ROR_Acc" signature="()" line-rate="1" branch-rate="1" complexity="1">
              <lines>
                <line number="40" hits="8" branch="False" />
              </lines>
            </method>
            <method name="ROR_Zp" signature="()" line-rate="1" branch-rate="1" complexity="1">
              <lines>
                <line number="41" hits="10" branch="False" />
              </lines>
            </method>
            <method name="ROR_ZpX" signature="()" line-rate="1" branch-rate="1" complexity="1">
              <lines>
                <line number="42" hits="5" branch="False" />
              </lines>
            </method>
            <method name="ROR_Abs" signature="()" line-rate="1" branch-rate="1" complexity="1">
              <lines>
                <line number="43" hits="5" branch="False" />
              </lines>
            </method>
            <method name="ROR_AbsX" signature="()" line-rate="1" branch-rate="1" complexity="1">
              <lines>
                <line number="44" hits="5" branch="False" />
              </lines>
            </method>
            <method name="DoROR" signature="(System.Byte)" line-rate="1" branch-rate="1" complexity="2">
              <lines>
                <line number="47" hits="7" branch="False" />
                <line number="48" hits="7" branch="False" />
                <line number="49" hits="7" branch="False" />
                <line number="50" hits="7" branch="True" condition-coverage="100% (2/2)">
                  <conditions>
                    <condition number="25" type="jump" coverage="100%" />
                  </conditions>
                </line>
                <line number="51" hits="7" branch="False" />
                <line number="52" hits="7" branch="False" />
                <line number="53" hits="7" branch="False" />
              </lines>
            </method>
            <method name="RMW_Shift" signature="(System.UInt16,System.Func`2&lt;System.Byte,System.Byte&gt;)" line-rate="1" branch-rate="1" complexity="1">
              <lines>
                <line number="56" hits="16" branch="False" />
                <line number="57" hits="16" branch="False" />
                <line number="58" hits="16" branch="False" />
                <line number="59" hits="16" branch="False" />
              </lines>
            </method>
          </methods>
          <lines>
            <line number="6" hits="16" branch="False" />
            <line number="7" hits="10" branch="False" />
            <line number="8" hits="5" branch="False" />
            <line number="9" hits="5" branch="False" />
            <line number="10" hits="5" branch="False" />
            <line number="12" hits="54" branch="False" />
            <line number="15" hits="12" branch="False" />
            <line number="16" hits="0" branch="False" />
            <line number="17" hits="5" branch="False" />
            <line number="18" hits="5" branch="False" />
            <line number="19" hits="5" branch="False" />
            <line number="21" hits="36" branch="False" />
            <line number="24" hits="12" branch="False" />
            <line number="25" hits="0" branch="False" />
            <line number="26" hits="5" branch="False" />
            <line number="27" hits="5" branch="False" />
            <line number="28" hits="5" branch="False" />
            <line number="31" hits="6" branch="False" />
            <line number="32" hits="6" branch="False" />
            <line number="33" hits="6" branch="False" />
            <line number="34" hits="6" branch="True" condition-coverage="100% (2/2)">
              <conditions>
                <condition number="29" type="jump" coverage="100%" />
              </conditions>
            </line>
            <line number="35" hits="6" branch="False" />
            <line number="36" hits="6" branch="False" />
            <line number="37" hits="6" branch="False" />
            <line number="40" hits="8" branch="False" />
            <line number="41" hits="10" branch="False" />
            <line number="42" hits="5" branch="False" />
            <line number="43" hits="5" branch="False" />
            <line number="44" hits="5" branch="False" />
            <line number="47" hits="7" branch="False" />
            <line number="48" hits="7" branch="False" />
            <line number="49" hits="7" branch="False" />
            <line number="50" hits="7" branch="True" condition-coverage="100% (2/2)">
              <conditions>
                <condition number="25" type="jump" coverage="100%" />
              </conditions>
            </line>
            <line number="51" hits="7" branch="False" />
            <line number="52" hits="7" branch="False" />
            <line number="53" hits="7" branch="False" />
            <line number="56" hits="16" branch="False" />
            <line number="57" hits="16" branch="False" />
            <line number="58" hits="16" branch="False" />
            <line number="59" hits="16" branch="False" />
          </lines>
        </class>
        <class name="Cpu6502.Core.Cpu" filename="Cpu.Transfer.cs" line-rate="1" branch-rate="1" complexity="10">
          <methods>
            <method name="TAX" signature="()" line-rate="1" branch-rate="1" complexity="1">
              <lines>
                <line number="6" hits="20" branch="False" />
              </lines>
            </method>
            <method name="TXA" signature="()" line-rate="1" branch-rate="1" complexity="1">
              <lines>
                <line number="7" hits="5" branch="False" />
              </lines>
            </method>
            <method name="TAY" signature="()" line-rate="1" branch-rate="1" complexity="1">
              <lines>
                <line number="8" hits="5" branch="False" />
              </lines>
            </method>
            <method name="TYA" signature="()" line-rate="1" branch-rate="1" complexity="1">
              <lines>
                <line number="9" hits="5" branch="False" />
              </lines>
            </method>
            <method name="TSX" signature="()" line-rate="1" branch-rate="1" complexity="1">
              <lines>
                <line number="10" hits="5" branch="False" />
              </lines>
            </method>
            <method name="TXS" signature="()" line-rate="1" branch-rate="1" complexity="1">
              <lines>
                <line number="11" hits="4" branch="False" />
              </lines>
            </method>
            <method name="PHA" signature="()" line-rate="1" branch-rate="1" complexity="1">
              <lines>
                <line number="14" hits="24" branch="False" />
              </lines>
            </method>
            <method name="PLA" signature="()" line-rate="1" branch-rate="1" complexity="1">
              <lines>
                <line number="15" hits="20" branch="False" />
              </lines>
            </method>
            <method name="PHP" signature="()" line-rate="1" branch-rate="1" complexity="1">
              <lines>
                <line number="18" hits="2" branch="False" />
                <line number="20" hits="2" branch="False" />
                <line number="21" hits="2" branch="False" />
                <line number="22" hits="2" branch="False" />
              </lines>
            </method>
            <method name="PLP" signature="()" line-rate="1" branch-rate="1" complexity="1">
              <lines>
                <line number="25" hits="1" branch="False" />
                <line number="27" hits="1" branch="False" />
                <line number="28" hits="1" branch="False" />
                <line number="29" hits="1" branch="False" />
              </lines>
            </method>
          </methods>
          <lines>
            <line number="6" hits="20" branch="False" />
            <line number="7" hits="5" branch="False" />
            <line number="8" hits="5" branch="False" />
            <line number="9" hits="5" branch="False" />
            <line number="10" hits="5" branch="False" />
            <line number="11" hits="4" branch="False" />
            <line number="14" hits="24" branch="False" />
            <line number="15" hits="20" branch="False" />
            <line number="18" hits="2" branch="False" />
            <line number="20" hits="2" branch="False" />
            <line number="21" hits="2" branch="False" />
            <line number="22" hits="2" branch="False" />
            <line number="25" hits="1" branch="False" />
            <line number="27" hits="1" branch="False" />
            <line number="28" hits="1" branch="False" />
            <line number="29" hits="1" branch="False" />
          </lines>
        </class>
        <class name="Cpu6502.Core.Ram" filename="Ram.cs" line-rate="0.8" branch-rate="1" complexity="5">
          <methods>
            <method name="get_RawBytes" signature="()" line-rate="0" branch-rate="1" complexity="1">
              <lines>
                <line number="11" hits="0" branch="False" />
              </lines>
            </method>
            <method name="Read" signature="(System.UInt16)" line-rate="1" branch-rate="1" complexity="1">
              <lines>
                <line number="13" hits="1535" branch="False" />
              </lines>
            </method>
            <method name="Write" signature="(System.UInt16,System.Byte)" line-rate="1" branch-rate="1" complexity="1">
              <lines>
                <line number="15" hits="706" branch="False" />
              </lines>
            </method>
            <method name="Load" signature="(System.UInt16,System.Byte[])" line-rate="1" branch-rate="1" complexity="1">
              <lines>
                <line number="19" hits="223" branch="False" />
              </lines>
            </method>
            <method name=".ctor" signature="(System.Int32)" line-rate="1" branch-rate="1" complexity="1">
              <lines>
                <line number="8" hits="474" branch="False" />
              </lines>
            </method>
          </methods>
          <lines>
            <line number="11" hits="0" branch="False" />
            <line number="13" hits="1535" branch="False" />
            <line number="15" hits="706" branch="False" />
            <line number="19" hits="223" branch="False" />
            <line number="8" hits="474" branch="False" />
          </lines>
        </class>
        <class name="Cpu6502.Core.Rom" filename="Rom.cs" line-rate="1" branch-rate="1" complexity="3">
          <methods>
            <method name="Read" signature="(System.UInt16)" line-rate="1" branch-rate="1" complexity="1">
              <lines>
                <line number="13" hits="2" branch="False" />
              </lines>
            </method>
            <method name="Write" signature="(System.UInt16,System.Byte)" line-rate="1" branch-rate="1" complexity="1">
              <lines>
                <line number="15" hits="2" branch="False" />
              </lines>
            </method>
            <method name=".ctor" signature="(System.Byte[])" line-rate="1" branch-rate="1" complexity="1">
              <lines>
                <line number="11" hits="6" branch="False" />
              </lines>
            </method>
          </methods>
          <lines>
            <line number="13" hits="2" branch="False" />
            <line number="15" hits="2" branch="False" />
            <line number="11" hits="6" branch="False" />
          </lines>
        </class>
      </classes>
    </package>
  </packages>
</coverage>